<?xml version="1.0" encoding="UTF-8"?>
<testng-results skipped="0" failed="0" ignored="0" total="1" passed="1">
  <reporter-output>
  </reporter-output>
  <suite name="Default suite" duration-ms="4486" started-at="2018-07-18T00:36:32Z" finished-at="2018-07-18T00:36:36Z">
    <groups>
    </groups>
    <test name="Default test" duration-ms="4486" started-at="2018-07-18T00:36:32Z" finished-at="2018-07-18T00:36:36Z">
      <class name="demo.GetMultipleAPITest">
        <test-method status="PASS" signature="getCall()[pri:0, instance:demo.GetMultipleAPITest@13deb50e]" name="getCall" duration-ms="4442" started-at="2018-07-18T00:36:32Z" finished-at="2018-07-18T00:36:36Z">
          <reporter-output>
          </reporter-output>
        </test-method> <!-- getCall -->
      </class> <!-- demo.GetMultipleAPITest -->
    </test> <!-- Default test -->
  </suite> <!-- Default suite -->
</testng-results>
